[2024-10-25T12:47:22.672+0000] {taskinstance.py:1157} INFO - Dependencies all met for dep_context=non-requeueable deps ti=<TaskInstance: task_credits_clean.credits_cleaned manual__2024-10-25T12:47:20.943328+00:00 [queued]>
[2024-10-25T12:47:22.682+0000] {taskinstance.py:1157} INFO - Dependencies all met for dep_context=requeueable deps ti=<TaskInstance: task_credits_clean.credits_cleaned manual__2024-10-25T12:47:20.943328+00:00 [queued]>
[2024-10-25T12:47:22.683+0000] {taskinstance.py:1359} INFO - Starting attempt 1 of 2
[2024-10-25T12:47:22.697+0000] {taskinstance.py:1380} INFO - Executing <Task(SparkSubmitOperator): credits_cleaned> on 2024-10-25 12:47:20.943328+00:00
[2024-10-25T12:47:22.704+0000] {standard_task_runner.py:57} INFO - Started process 8804 to run task
[2024-10-25T12:47:22.707+0000] {standard_task_runner.py:84} INFO - Running: ['***', 'tasks', 'run', 'task_credits_clean', 'credits_cleaned', 'manual__2024-10-25T12:47:20.943328+00:00', '--job-id', '167', '--raw', '--subdir', 'DAGS_FOLDER/credits_test.py', '--cfg-path', '/tmp/tmpxiqtnsj9']
[2024-10-25T12:47:22.711+0000] {standard_task_runner.py:85} INFO - Job 167: Subtask credits_cleaned
[2024-10-25T12:47:22.762+0000] {task_command.py:415} INFO - Running <TaskInstance: task_credits_clean.credits_cleaned manual__2024-10-25T12:47:20.943328+00:00 [running]> on host 84076e7a47fe
[2024-10-25T12:47:22.843+0000] {taskinstance.py:1660} INFO - Exporting env vars: AIRFLOW_CTX_DAG_OWNER='***' AIRFLOW_CTX_DAG_ID='task_credits_clean' AIRFLOW_CTX_TASK_ID='credits_cleaned' AIRFLOW_CTX_EXECUTION_DATE='2024-10-25T12:47:20.943328+00:00' AIRFLOW_CTX_TRY_NUMBER='1' AIRFLOW_CTX_DAG_RUN_ID='manual__2024-10-25T12:47:20.943328+00:00'
[2024-10-25T12:47:22.855+0000] {base.py:73} INFO - Using connection ID 'spark-conn' for task execution.
[2024-10-25T12:47:22.858+0000] {spark_submit.py:403} INFO - Spark-Submit cmd: spark-submit --master spark://spark-master:7077 --conf spark.sql.extensions=io.delta.sql.DeltaSparkSessionExtension --conf spark.sql.catalog.spark_catalog=org.apache.spark.sql.delta.catalog.DeltaCatalog --jars /opt/***/jars/hadoop-aws-3.3.4.jar,/opt/***/jars/s3-2.18.41.jar,/opt/***/jars/aws-java-sdk-1.12.367.jar,/opt/***/jars/delta-core_2.12-2.4.0.jar,/opt/***/jars/delta-storage-2.2.0.jar, --packages org.apache.hadoop:hadoop-aws:3.3.4 --num-executors 2 --total-executor-cores 2 --executor-cores 2 --executor-memory 2g --driver-memory 1g --name arrow-spark --deploy-mode client /opt/***/jobs/python/test_Credit.py s3a://lakehouse/bronze/credits.parquet s3a://lakehouse/sliver/credit
[2024-10-25T12:47:22.952+0000] {spark_submit.py:579} INFO - /home/***/.local/lib/python3.11/site-packages/pyspark/bin/load-spark-env.sh: line 68: ps: command not found
[2024-10-25T12:47:24.713+0000] {spark_submit.py:579} INFO - :: loading settings :: url = jar:file:/home/***/.local/lib/python3.11/site-packages/pyspark/jars/ivy-2.5.1.jar!/org/apache/ivy/core/settings/ivysettings.xml
[2024-10-25T12:47:24.881+0000] {spark_submit.py:579} INFO - Ivy Default Cache set to: /home/***/.ivy2/cache
[2024-10-25T12:47:24.882+0000] {spark_submit.py:579} INFO - The jars for the packages stored in: /home/***/.ivy2/jars
[2024-10-25T12:47:24.889+0000] {spark_submit.py:579} INFO - org.apache.hadoop#hadoop-aws added as a dependency
[2024-10-25T12:47:24.890+0000] {spark_submit.py:579} INFO - :: resolving dependencies :: org.apache.spark#spark-submit-parent-8873dca7-c63a-46e9-b698-8df2da1eeb24;1.0
[2024-10-25T12:47:24.891+0000] {spark_submit.py:579} INFO - confs: [default]
[2024-10-25T12:47:25.060+0000] {spark_submit.py:579} INFO - found org.apache.hadoop#hadoop-aws;3.3.4 in spark-list
[2024-10-25T12:47:25.092+0000] {spark_submit.py:579} INFO - found com.amazonaws#aws-java-sdk-bundle;1.12.262 in central
[2024-10-25T12:47:25.118+0000] {spark_submit.py:579} INFO - found org.wildfly.openssl#wildfly-openssl;1.0.7.Final in spark-list
[2024-10-25T12:47:25.142+0000] {spark_submit.py:579} INFO - :: resolution report :: resolve 243ms :: artifacts dl 8ms
[2024-10-25T12:47:25.143+0000] {spark_submit.py:579} INFO - :: modules in use:
[2024-10-25T12:47:25.143+0000] {spark_submit.py:579} INFO - com.amazonaws#aws-java-sdk-bundle;1.12.262 from central in [default]
[2024-10-25T12:47:25.144+0000] {spark_submit.py:579} INFO - org.apache.hadoop#hadoop-aws;3.3.4 from spark-list in [default]
[2024-10-25T12:47:25.145+0000] {spark_submit.py:579} INFO - org.wildfly.openssl#wildfly-openssl;1.0.7.Final from spark-list in [default]
[2024-10-25T12:47:25.146+0000] {spark_submit.py:579} INFO - ---------------------------------------------------------------------
[2024-10-25T12:47:25.147+0000] {spark_submit.py:579} INFO - |                  |            modules            ||   artifacts   |
[2024-10-25T12:47:25.147+0000] {spark_submit.py:579} INFO - |       conf       | number| search|dwnlded|evicted|| number|dwnlded|
[2024-10-25T12:47:25.148+0000] {spark_submit.py:579} INFO - ---------------------------------------------------------------------
[2024-10-25T12:47:25.149+0000] {spark_submit.py:579} INFO - |      default     |   3   |   0   |   0   |   0   ||   3   |   0   |
[2024-10-25T12:47:25.150+0000] {spark_submit.py:579} INFO - ---------------------------------------------------------------------
[2024-10-25T12:47:25.151+0000] {spark_submit.py:579} INFO - :: retrieving :: org.apache.spark#spark-submit-parent-8873dca7-c63a-46e9-b698-8df2da1eeb24
[2024-10-25T12:47:25.151+0000] {spark_submit.py:579} INFO - confs: [default]
[2024-10-25T12:47:25.158+0000] {spark_submit.py:579} INFO - 0 artifacts copied, 3 already retrieved (0kB/8ms)
[2024-10-25T12:47:25.422+0000] {spark_submit.py:579} INFO - 24/10/25 12:47:25 WARN NativeCodeLoader: Unable to load native-hadoop library for your platform... using builtin-java classes where applicable
[2024-10-25T12:47:25.922+0000] {spark_submit.py:579} INFO - Traceback (most recent call last):
[2024-10-25T12:47:25.922+0000] {spark_submit.py:579} INFO - File "/opt/***/jobs/python/test_Credit.py", line 87, in <module>
[2024-10-25T12:47:25.925+0000] {spark_submit.py:579} INFO - import nltk
[2024-10-25T12:47:25.925+0000] {spark_submit.py:579} INFO - ModuleNotFoundError: No module named 'nltk'
[2024-10-25T12:47:25.946+0000] {spark_submit.py:579} INFO - 24/10/25 12:47:25 INFO ShutdownHookManager: Shutdown hook called
[2024-10-25T12:47:25.948+0000] {spark_submit.py:579} INFO - 24/10/25 12:47:25 INFO ShutdownHookManager: Deleting directory /tmp/spark-081884cc-c7ad-4a97-b550-bf5f0acd9536
[2024-10-25T12:47:25.999+0000] {taskinstance.py:1935} ERROR - Task failed with exception
Traceback (most recent call last):
  File "/home/airflow/.local/lib/python3.11/site-packages/airflow/providers/apache/spark/operators/spark_submit.py", line 174, in execute
    self._hook.submit(self.application)
  File "/home/airflow/.local/lib/python3.11/site-packages/airflow/providers/apache/spark/hooks/spark_submit.py", line 505, in submit
    raise AirflowException(
airflow.exceptions.AirflowException: Cannot execute: spark-submit --master spark://spark-master:7077 --conf spark.sql.extensions=io.delta.sql.DeltaSparkSessionExtension --conf spark.sql.catalog.spark_catalog=org.apache.spark.sql.delta.catalog.DeltaCatalog --jars /opt/***/jars/hadoop-aws-3.3.4.jar,/opt/***/jars/s3-2.18.41.jar,/opt/***/jars/aws-java-sdk-1.12.367.jar,/opt/***/jars/delta-core_2.12-2.4.0.jar,/opt/***/jars/delta-storage-2.2.0.jar, --packages org.apache.hadoop:hadoop-aws:3.3.4 --num-executors 2 --total-executor-cores 2 --executor-cores 2 --executor-memory 2g --driver-memory 1g --name arrow-spark --deploy-mode client /opt/***/jobs/python/test_Credit.py s3a://lakehouse/bronze/credits.parquet s3a://lakehouse/sliver/credit. Error code is: 1.
[2024-10-25T12:47:26.003+0000] {taskinstance.py:1398} INFO - Marking task as UP_FOR_RETRY. dag_id=task_credits_clean, task_id=credits_cleaned, execution_date=20241025T124720, start_date=20241025T124722, end_date=20241025T124726
[2024-10-25T12:47:26.016+0000] {standard_task_runner.py:104} ERROR - Failed to execute job 167 for task credits_cleaned (Cannot execute: spark-submit --master spark://spark-master:7077 --conf spark.sql.extensions=io.delta.sql.DeltaSparkSessionExtension --conf spark.sql.catalog.spark_catalog=org.apache.spark.sql.delta.catalog.DeltaCatalog --jars /opt/***/jars/hadoop-aws-3.3.4.jar,/opt/***/jars/s3-2.18.41.jar,/opt/***/jars/aws-java-sdk-1.12.367.jar,/opt/***/jars/delta-core_2.12-2.4.0.jar,/opt/***/jars/delta-storage-2.2.0.jar, --packages org.apache.hadoop:hadoop-aws:3.3.4 --num-executors 2 --total-executor-cores 2 --executor-cores 2 --executor-memory 2g --driver-memory 1g --name arrow-spark --deploy-mode client /opt/***/jobs/python/test_Credit.py s3a://lakehouse/bronze/credits.parquet s3a://lakehouse/sliver/credit. Error code is: 1.; 8804)
[2024-10-25T12:47:26.054+0000] {local_task_job_runner.py:228} INFO - Task exited with return code 1
[2024-10-25T12:47:26.071+0000] {taskinstance.py:2776} INFO - 0 downstream tasks scheduled from follow-on schedule check
