[2024-10-11T00:30:03.250+0000] {taskinstance.py:1157} INFO - Dependencies all met for dep_context=non-requeueable deps ti=<TaskInstance: spark_processing_dag.silver_cleaned_keywords scheduled__2024-10-10T00:00:00+00:00 [queued]>
[2024-10-11T00:30:03.261+0000] {taskinstance.py:1157} INFO - Dependencies all met for dep_context=requeueable deps ti=<TaskInstance: spark_processing_dag.silver_cleaned_keywords scheduled__2024-10-10T00:00:00+00:00 [queued]>
[2024-10-11T00:30:03.262+0000] {taskinstance.py:1359} INFO - Starting attempt 2 of 2
[2024-10-11T00:30:03.275+0000] {taskinstance.py:1380} INFO - Executing <Task(SparkSubmitOperator): silver_cleaned_keywords> on 2024-10-10 00:00:00+00:00
[2024-10-11T00:30:03.281+0000] {standard_task_runner.py:57} INFO - Started process 635 to run task
[2024-10-11T00:30:03.284+0000] {standard_task_runner.py:84} INFO - Running: ['***', 'tasks', 'run', 'spark_processing_dag', 'silver_cleaned_keywords', 'scheduled__2024-10-10T00:00:00+00:00', '--job-id', '32', '--raw', '--subdir', 'DAGS_FOLDER/sliver_layer.py', '--cfg-path', '/tmp/tmp9rs807g8']
[2024-10-11T00:30:03.287+0000] {standard_task_runner.py:85} INFO - Job 32: Subtask silver_cleaned_keywords
[2024-10-11T00:30:03.342+0000] {task_command.py:415} INFO - Running <TaskInstance: spark_processing_dag.silver_cleaned_keywords scheduled__2024-10-10T00:00:00+00:00 [running]> on host 84076e7a47fe
[2024-10-11T00:30:03.423+0000] {taskinstance.py:1660} INFO - Exporting env vars: AIRFLOW_CTX_DAG_OWNER='***' AIRFLOW_CTX_DAG_ID='spark_processing_dag' AIRFLOW_CTX_TASK_ID='silver_cleaned_keywords' AIRFLOW_CTX_EXECUTION_DATE='2024-10-10T00:00:00+00:00' AIRFLOW_CTX_TRY_NUMBER='2' AIRFLOW_CTX_DAG_RUN_ID='scheduled__2024-10-10T00:00:00+00:00'
[2024-10-11T00:30:03.433+0000] {base.py:73} INFO - Using connection ID 'spark-conn' for task execution.
[2024-10-11T00:30:03.436+0000] {spark_submit.py:403} INFO - Spark-Submit cmd: spark-submit --master spark://spark-master:7077 --conf spark.sql.extensions=io.delta.sql.DeltaSparkSessionExtension --conf spark.sql.catalog.spark_catalog=org.apache.spark.sql.delta.catalog.DeltaCatalog --jars /opt/***/jars/hadoop-aws-3.3.4.jar,/opt/***/jars/s3-2.18.41.jar,/opt/***/jars/aws-java-sdk-1.12.367.jar,/opt/***/jars/delta-core_2.12-2.4.0.jar,/opt/***/jars/delta-storage-2.2.0.jar, --packages org.apache.hadoop:hadoop-aws:3.3.4 --num-executors 2 --total-executor-cores 2 --executor-cores 2 --executor-memory 2g --driver-memory 1g --name arrow-spark --deploy-mode client /opt/***/jobs/python/test_Key.py s3a://lakehouse/bronze/keywords.parquet s3a://lakehouse/silver
[2024-10-11T00:30:03.558+0000] {spark_submit.py:579} INFO - /home/***/.local/lib/python3.11/site-packages/pyspark/bin/load-spark-env.sh: line 68: ps: command not found
[2024-10-11T00:30:05.876+0000] {spark_submit.py:579} INFO - :: loading settings :: url = jar:file:/home/***/.local/lib/python3.11/site-packages/pyspark/jars/ivy-2.5.1.jar!/org/apache/ivy/core/settings/ivysettings.xml
[2024-10-11T00:30:06.063+0000] {spark_submit.py:579} INFO - Ivy Default Cache set to: /home/***/.ivy2/cache
[2024-10-11T00:30:06.064+0000] {spark_submit.py:579} INFO - The jars for the packages stored in: /home/***/.ivy2/jars
[2024-10-11T00:30:06.072+0000] {spark_submit.py:579} INFO - org.apache.hadoop#hadoop-aws added as a dependency
[2024-10-11T00:30:06.074+0000] {spark_submit.py:579} INFO - :: resolving dependencies :: org.apache.spark#spark-submit-parent-651da51e-2ae0-4aaf-9c6b-749f36df9446;1.0
[2024-10-11T00:30:06.075+0000] {spark_submit.py:579} INFO - confs: [default]
[2024-10-11T00:30:06.310+0000] {spark_submit.py:579} INFO - found org.apache.hadoop#hadoop-aws;3.3.4 in central
[2024-10-11T00:30:06.349+0000] {spark_submit.py:579} INFO - found com.amazonaws#aws-java-sdk-bundle;1.12.262 in central
[2024-10-11T00:30:06.383+0000] {spark_submit.py:579} INFO - found org.wildfly.openssl#wildfly-openssl;1.0.7.Final in central
[2024-10-11T00:30:07.856+0000] {spark_submit.py:579} INFO - downloading https://repo1.maven.org/maven2/com/amazonaws/aws-java-sdk-bundle/1.12.262/aws-java-sdk-bundle-1.12.262.jar ...
[2024-10-11T00:34:25.930+0000] {spark_submit.py:579} INFO - :: resolution report :: resolve 331ms :: artifacts dl 259525ms
[2024-10-11T00:34:25.931+0000] {spark_submit.py:579} INFO - :: modules in use:
[2024-10-11T00:34:25.932+0000] {spark_submit.py:579} INFO - com.amazonaws#aws-java-sdk-bundle;1.12.262 from central in [default]
[2024-10-11T00:34:25.932+0000] {spark_submit.py:579} INFO - org.apache.hadoop#hadoop-aws;3.3.4 from central in [default]
[2024-10-11T00:34:25.933+0000] {spark_submit.py:579} INFO - org.wildfly.openssl#wildfly-openssl;1.0.7.Final from central in [default]
[2024-10-11T00:34:25.933+0000] {spark_submit.py:579} INFO - ---------------------------------------------------------------------
[2024-10-11T00:34:25.934+0000] {spark_submit.py:579} INFO - |                  |            modules            ||   artifacts   |
[2024-10-11T00:34:25.934+0000] {spark_submit.py:579} INFO - |       conf       | number| search|dwnlded|evicted|| number|dwnlded|
[2024-10-11T00:34:25.935+0000] {spark_submit.py:579} INFO - ---------------------------------------------------------------------
[2024-10-11T00:34:25.936+0000] {spark_submit.py:579} INFO - |      default     |   3   |   0   |   0   |   0   ||   3   |   0   |
[2024-10-11T00:34:25.936+0000] {spark_submit.py:579} INFO - ---------------------------------------------------------------------
[2024-10-11T00:34:25.937+0000] {spark_submit.py:579} INFO - 
[2024-10-11T00:34:25.937+0000] {spark_submit.py:579} INFO - :: problems summary ::
[2024-10-11T00:34:25.938+0000] {spark_submit.py:579} INFO - :::: WARNINGS
[2024-10-11T00:34:25.939+0000] {spark_submit.py:579} INFO - [FAILED     ] com.amazonaws#aws-java-sdk-bundle;1.12.262!aws-java-sdk-bundle.jar: Downloaded file size (0) doesn't match expected Content Length (280645251) for https://repo1.maven.org/maven2/com/amazonaws/aws-java-sdk-bundle/1.12.262/aws-java-sdk-bundle-1.12.262.jar. Please retry. (259514ms)
[2024-10-11T00:34:25.939+0000] {spark_submit.py:579} INFO - 
[2024-10-11T00:34:25.940+0000] {spark_submit.py:579} INFO - [FAILED     ] com.amazonaws#aws-java-sdk-bundle;1.12.262!aws-java-sdk-bundle.jar: Downloaded file size (0) doesn't match expected Content Length (280645251) for https://repo1.maven.org/maven2/com/amazonaws/aws-java-sdk-bundle/1.12.262/aws-java-sdk-bundle-1.12.262.jar. Please retry. (259514ms)
[2024-10-11T00:34:25.940+0000] {spark_submit.py:579} INFO - 
[2024-10-11T00:34:25.941+0000] {spark_submit.py:579} INFO - ==== central: tried
[2024-10-11T00:34:25.941+0000] {spark_submit.py:579} INFO - 
[2024-10-11T00:34:25.943+0000] {spark_submit.py:579} INFO - https://repo1.maven.org/maven2/com/amazonaws/aws-java-sdk-bundle/1.12.262/aws-java-sdk-bundle-1.12.262.jar
[2024-10-11T00:34:25.943+0000] {spark_submit.py:579} INFO - 
[2024-10-11T00:34:25.944+0000] {spark_submit.py:579} INFO - ::::::::::::::::::::::::::::::::::::::::::::::
[2024-10-11T00:34:25.944+0000] {spark_submit.py:579} INFO - 
[2024-10-11T00:34:25.944+0000] {spark_submit.py:579} INFO - ::              FAILED DOWNLOADS            ::
[2024-10-11T00:34:25.945+0000] {spark_submit.py:579} INFO - 
[2024-10-11T00:34:25.945+0000] {spark_submit.py:579} INFO - :: ^ see resolution messages for details  ^ ::
[2024-10-11T00:34:25.946+0000] {spark_submit.py:579} INFO - 
[2024-10-11T00:34:25.946+0000] {spark_submit.py:579} INFO - ::::::::::::::::::::::::::::::::::::::::::::::
[2024-10-11T00:34:25.947+0000] {spark_submit.py:579} INFO - 
[2024-10-11T00:34:25.947+0000] {spark_submit.py:579} INFO - :: com.amazonaws#aws-java-sdk-bundle;1.12.262!aws-java-sdk-bundle.jar
[2024-10-11T00:34:25.948+0000] {spark_submit.py:579} INFO - 
[2024-10-11T00:34:25.948+0000] {spark_submit.py:579} INFO - ::::::::::::::::::::::::::::::::::::::::::::::
[2024-10-11T00:34:25.948+0000] {spark_submit.py:579} INFO - 
[2024-10-11T00:34:25.949+0000] {spark_submit.py:579} INFO - 
[2024-10-11T00:34:25.949+0000] {spark_submit.py:579} INFO - 
[2024-10-11T00:34:25.950+0000] {spark_submit.py:579} INFO - :: USE VERBOSE OR DEBUG MESSAGE LEVEL FOR MORE DETAILS
[2024-10-11T00:34:25.950+0000] {spark_submit.py:579} INFO - Exception in thread "main" java.lang.RuntimeException: [download failed: com.amazonaws#aws-java-sdk-bundle;1.12.262!aws-java-sdk-bundle.jar]
[2024-10-11T00:34:25.951+0000] {spark_submit.py:579} INFO - at org.apache.spark.deploy.SparkSubmitUtils$.resolveMavenCoordinates(SparkSubmit.scala:1599)
[2024-10-11T00:34:25.951+0000] {spark_submit.py:579} INFO - at org.apache.spark.util.DependencyUtils$.resolveMavenDependencies(DependencyUtils.scala:185)
[2024-10-11T00:34:25.952+0000] {spark_submit.py:579} INFO - at org.apache.spark.deploy.SparkSubmit.prepareSubmitEnvironment(SparkSubmit.scala:332)
[2024-10-11T00:34:25.952+0000] {spark_submit.py:579} INFO - at org.apache.spark.deploy.SparkSubmit.org$apache$spark$deploy$SparkSubmit$$runMain(SparkSubmit.scala:955)
[2024-10-11T00:34:25.952+0000] {spark_submit.py:579} INFO - at org.apache.spark.deploy.SparkSubmit.doRunMain$1(SparkSubmit.scala:192)
[2024-10-11T00:34:25.953+0000] {spark_submit.py:579} INFO - at org.apache.spark.deploy.SparkSubmit.submit(SparkSubmit.scala:215)
[2024-10-11T00:34:25.953+0000] {spark_submit.py:579} INFO - at org.apache.spark.deploy.SparkSubmit.doSubmit(SparkSubmit.scala:91)
[2024-10-11T00:34:25.954+0000] {spark_submit.py:579} INFO - at org.apache.spark.deploy.SparkSubmit$$anon$2.doSubmit(SparkSubmit.scala:1111)
[2024-10-11T00:34:25.954+0000] {spark_submit.py:579} INFO - at org.apache.spark.deploy.SparkSubmit$.main(SparkSubmit.scala:1120)
[2024-10-11T00:34:25.955+0000] {spark_submit.py:579} INFO - at org.apache.spark.deploy.SparkSubmit.main(SparkSubmit.scala)
[2024-10-11T00:34:25.971+0000] {taskinstance.py:1935} ERROR - Task failed with exception
Traceback (most recent call last):
  File "/home/airflow/.local/lib/python3.11/site-packages/airflow/providers/apache/spark/operators/spark_submit.py", line 174, in execute
    self._hook.submit(self.application)
  File "/home/airflow/.local/lib/python3.11/site-packages/airflow/providers/apache/spark/hooks/spark_submit.py", line 505, in submit
    raise AirflowException(
airflow.exceptions.AirflowException: Cannot execute: spark-submit --master spark://spark-master:7077 --conf spark.sql.extensions=io.delta.sql.DeltaSparkSessionExtension --conf spark.sql.catalog.spark_catalog=org.apache.spark.sql.delta.catalog.DeltaCatalog --jars /opt/***/jars/hadoop-aws-3.3.4.jar,/opt/***/jars/s3-2.18.41.jar,/opt/***/jars/aws-java-sdk-1.12.367.jar,/opt/***/jars/delta-core_2.12-2.4.0.jar,/opt/***/jars/delta-storage-2.2.0.jar, --packages org.apache.hadoop:hadoop-aws:3.3.4 --num-executors 2 --total-executor-cores 2 --executor-cores 2 --executor-memory 2g --driver-memory 1g --name arrow-spark --deploy-mode client /opt/***/jobs/python/test_Key.py s3a://lakehouse/bronze/keywords.parquet s3a://lakehouse/silver. Error code is: 1.
[2024-10-11T00:34:25.975+0000] {taskinstance.py:1398} INFO - Marking task as FAILED. dag_id=spark_processing_dag, task_id=silver_cleaned_keywords, execution_date=20241010T000000, start_date=20241011T003003, end_date=20241011T003425
[2024-10-11T00:34:25.975+0000] {sliver_layer.py:15} ERROR - Task spark_processing_dag__silver_cleaned_keywords__20241010 failed.
[2024-10-11T00:34:25.989+0000] {standard_task_runner.py:104} ERROR - Failed to execute job 32 for task silver_cleaned_keywords (Cannot execute: spark-submit --master spark://spark-master:7077 --conf spark.sql.extensions=io.delta.sql.DeltaSparkSessionExtension --conf spark.sql.catalog.spark_catalog=org.apache.spark.sql.delta.catalog.DeltaCatalog --jars /opt/***/jars/hadoop-aws-3.3.4.jar,/opt/***/jars/s3-2.18.41.jar,/opt/***/jars/aws-java-sdk-1.12.367.jar,/opt/***/jars/delta-core_2.12-2.4.0.jar,/opt/***/jars/delta-storage-2.2.0.jar, --packages org.apache.hadoop:hadoop-aws:3.3.4 --num-executors 2 --total-executor-cores 2 --executor-cores 2 --executor-memory 2g --driver-memory 1g --name arrow-spark --deploy-mode client /opt/***/jobs/python/test_Key.py s3a://lakehouse/bronze/keywords.parquet s3a://lakehouse/silver. Error code is: 1.; 635)
[2024-10-11T00:34:26.019+0000] {local_task_job_runner.py:228} INFO - Task exited with return code 1
[2024-10-11T00:34:26.040+0000] {taskinstance.py:2776} INFO - 0 downstream tasks scheduled from follow-on schedule check
