[2024-10-05T17:40:11.080+0000] {taskinstance.py:1157} INFO - Dependencies all met for dep_context=non-requeueable deps ti=<TaskInstance: spark_processing_dag.silver_cleaned_keywords manual__2024-10-05T17:36:17.197395+00:00 [queued]>
[2024-10-05T17:40:11.088+0000] {taskinstance.py:1157} INFO - Dependencies all met for dep_context=requeueable deps ti=<TaskInstance: spark_processing_dag.silver_cleaned_keywords manual__2024-10-05T17:36:17.197395+00:00 [queued]>
[2024-10-05T17:40:11.089+0000] {taskinstance.py:1359} INFO - Starting attempt 3 of 4
[2024-10-05T17:40:11.101+0000] {taskinstance.py:1380} INFO - Executing <Task(SparkSubmitOperator): silver_cleaned_keywords> on 2024-10-05 17:36:17.197395+00:00
[2024-10-05T17:40:11.106+0000] {standard_task_runner.py:57} INFO - Started process 1366 to run task
[2024-10-05T17:40:11.109+0000] {standard_task_runner.py:84} INFO - Running: ['***', 'tasks', 'run', 'spark_processing_dag', 'silver_cleaned_keywords', 'manual__2024-10-05T17:36:17.197395+00:00', '--job-id', '205', '--raw', '--subdir', 'DAGS_FOLDER/sliver_layer.py', '--cfg-path', '/tmp/tmptnjvhtmm']
[2024-10-05T17:40:11.113+0000] {standard_task_runner.py:85} INFO - Job 205: Subtask silver_cleaned_keywords
[2024-10-05T17:40:11.155+0000] {task_command.py:415} INFO - Running <TaskInstance: spark_processing_dag.silver_cleaned_keywords manual__2024-10-05T17:36:17.197395+00:00 [running]> on host b8bb5f5afab6
[2024-10-05T17:40:11.219+0000] {taskinstance.py:1660} INFO - Exporting env vars: AIRFLOW_CTX_DAG_OWNER='***' AIRFLOW_CTX_DAG_ID='spark_processing_dag' AIRFLOW_CTX_TASK_ID='silver_cleaned_keywords' AIRFLOW_CTX_EXECUTION_DATE='2024-10-05T17:36:17.197395+00:00' AIRFLOW_CTX_TRY_NUMBER='3' AIRFLOW_CTX_DAG_RUN_ID='manual__2024-10-05T17:36:17.197395+00:00'
[2024-10-05T17:40:11.228+0000] {base.py:73} INFO - Using connection ID 'spark-conn' for task execution.
[2024-10-05T17:40:11.230+0000] {spark_submit.py:403} INFO - Spark-Submit cmd: spark-submit --master spark://spark-master:7077 --conf spark.sql.extensions=io.delta.sql.DeltaSparkSessionExtension --conf spark.sql.catalog.spark_catalog=org.apache.spark.sql.delta.catalog.DeltaCatalog --conf spark.delta.logStore.class=org.apache.spark.sql.delta.storage.S3SingleDriverLogStore --jars /opt/***/jars/hadoop-aws-3.3.4.jar,/opt/***/jars/s3-2.18.41.jar,/opt/***/jars/aws-java-sdk-1.12.367.jar,/opt/***/jars/delta-core_2.12-2.2.0.jar,/opt/***/jars/delta-storage-2.2.0.jar, --packages org.apache.hadoop:hadoop-aws:3.3.4, ,io.delta:delta-core_2.12:2.2.0 --num-executors 2 --total-executor-cores 2 --executor-cores 2 --executor-memory 2g --driver-memory 1g --name arrow-spark --deploy-mode client /opt/***/jobs/python/test_Key.py s3a://lakehouse/bronze/keywords.parquet s3a://lakehouse/silver
[2024-10-05T17:40:11.306+0000] {spark_submit.py:579} INFO - /home/***/.local/lib/python3.11/site-packages/pyspark/bin/load-spark-env.sh: line 68: ps: command not found
[2024-10-05T17:40:12.845+0000] {spark_submit.py:579} INFO - :: loading settings :: url = jar:file:/home/***/.local/lib/python3.11/site-packages/pyspark/jars/ivy-2.5.1.jar!/org/apache/ivy/core/settings/ivysettings.xml
[2024-10-05T17:40:12.949+0000] {spark_submit.py:579} INFO - Exception in thread "main" java.lang.IllegalArgumentException: requirement failed: Provided Maven Coordinates must be in the form 'groupId:artifactId:version'. The coordinate provided is:
[2024-10-05T17:40:12.950+0000] {spark_submit.py:579} INFO - at scala.Predef$.require(Predef.scala:281)
[2024-10-05T17:40:12.951+0000] {spark_submit.py:579} INFO - at org.apache.spark.deploy.SparkSubmitUtils$.$anonfun$extractMavenCoordinates$1(SparkSubmit.scala:1221)
[2024-10-05T17:40:12.951+0000] {spark_submit.py:579} INFO - at scala.collection.TraversableLike.$anonfun$map$1(TraversableLike.scala:286)
[2024-10-05T17:40:12.952+0000] {spark_submit.py:579} INFO - at scala.collection.IndexedSeqOptimized.foreach(IndexedSeqOptimized.scala:36)
[2024-10-05T17:40:12.952+0000] {spark_submit.py:579} INFO - at scala.collection.IndexedSeqOptimized.foreach$(IndexedSeqOptimized.scala:33)
[2024-10-05T17:40:12.953+0000] {spark_submit.py:579} INFO - at scala.collection.mutable.ArrayOps$ofRef.foreach(ArrayOps.scala:198)
[2024-10-05T17:40:12.953+0000] {spark_submit.py:579} INFO - at scala.collection.TraversableLike.map(TraversableLike.scala:286)
[2024-10-05T17:40:12.954+0000] {spark_submit.py:579} INFO - at scala.collection.TraversableLike.map$(TraversableLike.scala:279)
[2024-10-05T17:40:12.954+0000] {spark_submit.py:579} INFO - at scala.collection.mutable.ArrayOps$ofRef.map(ArrayOps.scala:198)
[2024-10-05T17:40:12.955+0000] {spark_submit.py:579} INFO - at org.apache.spark.deploy.SparkSubmitUtils$.extractMavenCoordinates(SparkSubmit.scala:1219)
[2024-10-05T17:40:12.955+0000] {spark_submit.py:579} INFO - at org.apache.spark.deploy.SparkSubmitUtils$.resolveMavenCoordinates(SparkSubmit.scala:1541)
[2024-10-05T17:40:12.955+0000] {spark_submit.py:579} INFO - at org.apache.spark.util.DependencyUtils$.resolveMavenDependencies(DependencyUtils.scala:185)
[2024-10-05T17:40:12.956+0000] {spark_submit.py:579} INFO - at org.apache.spark.deploy.SparkSubmit.prepareSubmitEnvironment(SparkSubmit.scala:334)
[2024-10-05T17:40:12.956+0000] {spark_submit.py:579} INFO - at org.apache.spark.deploy.SparkSubmit.org$apache$spark$deploy$SparkSubmit$$runMain(SparkSubmit.scala:964)
[2024-10-05T17:40:12.956+0000] {spark_submit.py:579} INFO - at org.apache.spark.deploy.SparkSubmit.doRunMain$1(SparkSubmit.scala:194)
[2024-10-05T17:40:12.956+0000] {spark_submit.py:579} INFO - at org.apache.spark.deploy.SparkSubmit.submit(SparkSubmit.scala:217)
[2024-10-05T17:40:12.957+0000] {spark_submit.py:579} INFO - at org.apache.spark.deploy.SparkSubmit.doSubmit(SparkSubmit.scala:91)
[2024-10-05T17:40:12.957+0000] {spark_submit.py:579} INFO - at org.apache.spark.deploy.SparkSubmit$$anon$2.doSubmit(SparkSubmit.scala:1120)
[2024-10-05T17:40:12.957+0000] {spark_submit.py:579} INFO - at org.apache.spark.deploy.SparkSubmit$.main(SparkSubmit.scala:1129)
[2024-10-05T17:40:12.958+0000] {spark_submit.py:579} INFO - at org.apache.spark.deploy.SparkSubmit.main(SparkSubmit.scala)
[2024-10-05T17:40:12.981+0000] {taskinstance.py:1935} ERROR - Task failed with exception
Traceback (most recent call last):
  File "/home/airflow/.local/lib/python3.11/site-packages/airflow/providers/apache/spark/operators/spark_submit.py", line 174, in execute
    self._hook.submit(self.application)
  File "/home/airflow/.local/lib/python3.11/site-packages/airflow/providers/apache/spark/hooks/spark_submit.py", line 505, in submit
    raise AirflowException(
airflow.exceptions.AirflowException: Cannot execute: spark-submit --master spark://spark-master:7077 --conf spark.sql.extensions=io.delta.sql.DeltaSparkSessionExtension --conf spark.sql.catalog.spark_catalog=org.apache.spark.sql.delta.catalog.DeltaCatalog --conf spark.delta.logStore.class=org.apache.spark.sql.delta.storage.S3SingleDriverLogStore --jars /opt/***/jars/hadoop-aws-3.3.4.jar,/opt/***/jars/s3-2.18.41.jar,/opt/***/jars/aws-java-sdk-1.12.367.jar,/opt/***/jars/delta-core_2.12-2.2.0.jar,/opt/***/jars/delta-storage-2.2.0.jar, --packages org.apache.hadoop:hadoop-aws:3.3.4, ,io.delta:delta-core_2.12:2.2.0 --num-executors 2 --total-executor-cores 2 --executor-cores 2 --executor-memory 2g --driver-memory 1g --name arrow-spark --deploy-mode client /opt/***/jobs/python/test_Key.py s3a://lakehouse/bronze/keywords.parquet s3a://lakehouse/silver. Error code is: 1.
[2024-10-05T17:40:12.985+0000] {taskinstance.py:1398} INFO - Marking task as UP_FOR_RETRY. dag_id=spark_processing_dag, task_id=silver_cleaned_keywords, execution_date=20241005T173617, start_date=20241005T174011, end_date=20241005T174012
[2024-10-05T17:40:12.997+0000] {standard_task_runner.py:104} ERROR - Failed to execute job 205 for task silver_cleaned_keywords (Cannot execute: spark-submit --master spark://spark-master:7077 --conf spark.sql.extensions=io.delta.sql.DeltaSparkSessionExtension --conf spark.sql.catalog.spark_catalog=org.apache.spark.sql.delta.catalog.DeltaCatalog --conf spark.delta.logStore.class=org.apache.spark.sql.delta.storage.S3SingleDriverLogStore --jars /opt/***/jars/hadoop-aws-3.3.4.jar,/opt/***/jars/s3-2.18.41.jar,/opt/***/jars/aws-java-sdk-1.12.367.jar,/opt/***/jars/delta-core_2.12-2.2.0.jar,/opt/***/jars/delta-storage-2.2.0.jar, --packages org.apache.hadoop:hadoop-aws:3.3.4, ,io.delta:delta-core_2.12:2.2.0 --num-executors 2 --total-executor-cores 2 --executor-cores 2 --executor-memory 2g --driver-memory 1g --name arrow-spark --deploy-mode client /opt/***/jobs/python/test_Key.py s3a://lakehouse/bronze/keywords.parquet s3a://lakehouse/silver. Error code is: 1.; 1366)
[2024-10-05T17:40:13.010+0000] {local_task_job_runner.py:228} INFO - Task exited with return code 1
[2024-10-05T17:40:13.027+0000] {taskinstance.py:2776} INFO - 0 downstream tasks scheduled from follow-on schedule check
