[2025-01-23T04:10:20.824+0000] {taskinstance.py:1159} INFO - Dependencies all met for dep_context=non-requeueable deps ti=<TaskInstance: test.keyword manual__2025-01-23T04:10:20.094091+00:00 [queued]>
[2025-01-23T04:10:20.833+0000] {taskinstance.py:1159} INFO - Dependencies all met for dep_context=requeueable deps ti=<TaskInstance: test.keyword manual__2025-01-23T04:10:20.094091+00:00 [queued]>
[2025-01-23T04:10:20.833+0000] {taskinstance.py:1361} INFO - Starting attempt 1 of 2
[2025-01-23T04:10:20.847+0000] {taskinstance.py:1382} INFO - Executing <Task(SparkSubmitOperator): keyword> on 2025-01-23 04:10:20.094091+00:00
[2025-01-23T04:10:20.851+0000] {standard_task_runner.py:57} INFO - Started process 12359 to run task
[2025-01-23T04:10:20.854+0000] {standard_task_runner.py:84} INFO - Running: ['***', 'tasks', 'run', 'test', 'keyword', 'manual__2025-01-23T04:10:20.094091+00:00', '--job-id', '85', '--raw', '--subdir', 'DAGS_FOLDER/kkk.py', '--cfg-path', '/tmp/tmprrixd2ya']
[2025-01-23T04:10:20.856+0000] {standard_task_runner.py:85} INFO - Job 85: Subtask keyword
[2025-01-23T04:10:20.901+0000] {task_command.py:416} INFO - Running <TaskInstance: test.keyword manual__2025-01-23T04:10:20.094091+00:00 [running]> on host 73fc507ad5e4
[2025-01-23T04:10:20.981+0000] {taskinstance.py:1662} INFO - Exporting env vars: AIRFLOW_CTX_DAG_OWNER='***' AIRFLOW_CTX_DAG_ID='test' AIRFLOW_CTX_TASK_ID='keyword' AIRFLOW_CTX_EXECUTION_DATE='2025-01-23T04:10:20.094091+00:00' AIRFLOW_CTX_TRY_NUMBER='1' AIRFLOW_CTX_DAG_RUN_ID='manual__2025-01-23T04:10:20.094091+00:00'
[2025-01-23T04:10:20.991+0000] {base.py:73} INFO - Using connection ID 'spark-conn' for task execution.
[2025-01-23T04:10:20.993+0000] {spark_submit.py:403} INFO - Spark-Submit cmd: spark-submit --master spark://spark-master:7077 --conf spark.sql.extensions=io.delta.sql.DeltaSparkSessionExtension --conf spark.sql.catalog.spark_catalog=org.apache.spark.sql.delta.catalog.DeltaCatalog --jars /opt/***/jars/hadoop-aws-3.3.4.jar,/opt/***/jars/s3-2.18.41.jar,/opt/***/jars/aws-java-sdk-bundle-1.12.262.jar,/opt/***/jars/aws-java-sdk-1.12.367.jar,/opt/***/jars/delta-core_2.12-2.2.0.jar,/opt/***/jars/delta-storage-2.2.0.jar, --num-executors 2 --total-executor-cores 2 --executor-cores 2 --executor-memory 2g --driver-memory 1g --name arrow-spark --deploy-mode client /opt/***/jobs/python/processing_keyword.py s3a://lakehouse/bronze/keywords.parquet s3a://lakehouse/silver/keywords
[2025-01-23T04:10:21.167+0000] {spark_submit.py:579} INFO - /home/***/.local/lib/python3.9/site-packages/pyspark/bin/load-spark-env.sh: line 68: ps: command not found
[2025-01-23T04:10:22.887+0000] {spark_submit.py:579} INFO - 25/01/23 04:10:22 WARN NativeCodeLoader: Unable to load native-hadoop library for your platform... using builtin-java classes where applicable
[2025-01-23T04:10:23.262+0000] {spark_submit.py:579} INFO - File "/opt/***/jobs/python/processing_keyword.py", line 28
[2025-01-23T04:10:23.263+0000] {spark_submit.py:579} INFO - .getOrCreate()
[2025-01-23T04:10:23.263+0000] {spark_submit.py:579} INFO - IndentationError: unexpected indent
[2025-01-23T04:10:23.275+0000] {spark_submit.py:579} INFO - 25/01/23 04:10:23 INFO ShutdownHookManager: Shutdown hook called
[2025-01-23T04:10:23.276+0000] {spark_submit.py:579} INFO - 25/01/23 04:10:23 INFO ShutdownHookManager: Deleting directory /tmp/spark-a6dd2327-33e7-45f8-ac0e-4f862aa6516f
[2025-01-23T04:10:23.321+0000] {taskinstance.py:1937} ERROR - Task failed with exception
Traceback (most recent call last):
  File "/home/airflow/.local/lib/python3.9/site-packages/airflow/providers/apache/spark/operators/spark_submit.py", line 174, in execute
    self._hook.submit(self.application)
  File "/home/airflow/.local/lib/python3.9/site-packages/airflow/providers/apache/spark/hooks/spark_submit.py", line 505, in submit
    raise AirflowException(
airflow.exceptions.AirflowException: Cannot execute: spark-submit --master spark://spark-master:7077 --conf spark.sql.extensions=io.delta.sql.DeltaSparkSessionExtension --conf spark.sql.catalog.spark_catalog=org.apache.spark.sql.delta.catalog.DeltaCatalog --jars /opt/***/jars/hadoop-aws-3.3.4.jar,/opt/***/jars/s3-2.18.41.jar,/opt/***/jars/aws-java-sdk-bundle-1.12.262.jar,/opt/***/jars/aws-java-sdk-1.12.367.jar,/opt/***/jars/delta-core_2.12-2.2.0.jar,/opt/***/jars/delta-storage-2.2.0.jar, --num-executors 2 --total-executor-cores 2 --executor-cores 2 --executor-memory 2g --driver-memory 1g --name arrow-spark --deploy-mode client /opt/***/jobs/python/processing_keyword.py s3a://lakehouse/bronze/keywords.parquet s3a://lakehouse/silver/keywords. Error code is: 1.
[2025-01-23T04:10:23.325+0000] {taskinstance.py:1400} INFO - Marking task as UP_FOR_RETRY. dag_id=test, task_id=keyword, execution_date=20250123T041020, start_date=20250123T041020, end_date=20250123T041023
[2025-01-23T04:10:23.337+0000] {standard_task_runner.py:104} ERROR - Failed to execute job 85 for task keyword (Cannot execute: spark-submit --master spark://spark-master:7077 --conf spark.sql.extensions=io.delta.sql.DeltaSparkSessionExtension --conf spark.sql.catalog.spark_catalog=org.apache.spark.sql.delta.catalog.DeltaCatalog --jars /opt/***/jars/hadoop-aws-3.3.4.jar,/opt/***/jars/s3-2.18.41.jar,/opt/***/jars/aws-java-sdk-bundle-1.12.262.jar,/opt/***/jars/aws-java-sdk-1.12.367.jar,/opt/***/jars/delta-core_2.12-2.2.0.jar,/opt/***/jars/delta-storage-2.2.0.jar, --num-executors 2 --total-executor-cores 2 --executor-cores 2 --executor-memory 2g --driver-memory 1g --name arrow-spark --deploy-mode client /opt/***/jobs/python/processing_keyword.py s3a://lakehouse/bronze/keywords.parquet s3a://lakehouse/silver/keywords. Error code is: 1.; 12359)
[2025-01-23T04:10:23.355+0000] {local_task_job_runner.py:228} INFO - Task exited with return code 1
[2025-01-23T04:10:23.375+0000] {taskinstance.py:2778} INFO - 0 downstream tasks scheduled from follow-on schedule check
