[2024-10-11T14:55:37.608+0000] {taskinstance.py:1157} INFO - Dependencies all met for dep_context=non-requeueable deps ti=<TaskInstance: ratings_taksk_clean.rating_cleaned_test scheduled__2024-10-10T00:00:00+00:00 [queued]>
[2024-10-11T14:55:37.622+0000] {taskinstance.py:1157} INFO - Dependencies all met for dep_context=requeueable deps ti=<TaskInstance: ratings_taksk_clean.rating_cleaned_test scheduled__2024-10-10T00:00:00+00:00 [queued]>
[2024-10-11T14:55:37.623+0000] {taskinstance.py:1359} INFO - Starting attempt 1 of 2
[2024-10-11T14:55:37.635+0000] {taskinstance.py:1380} INFO - Executing <Task(SparkSubmitOperator): rating_cleaned_test> on 2024-10-10 00:00:00+00:00
[2024-10-11T14:55:37.641+0000] {standard_task_runner.py:57} INFO - Started process 5509 to run task
[2024-10-11T14:55:37.647+0000] {standard_task_runner.py:84} INFO - Running: ['***', 'tasks', 'run', 'ratings_taksk_clean', 'rating_cleaned_test', 'scheduled__2024-10-10T00:00:00+00:00', '--job-id', '46', '--raw', '--subdir', 'DAGS_FOLDER/ratings_test.py', '--cfg-path', '/tmp/tmp442g15bd']
[2024-10-11T14:55:37.655+0000] {standard_task_runner.py:85} INFO - Job 46: Subtask rating_cleaned_test
[2024-10-11T14:55:37.727+0000] {task_command.py:415} INFO - Running <TaskInstance: ratings_taksk_clean.rating_cleaned_test scheduled__2024-10-10T00:00:00+00:00 [running]> on host 84076e7a47fe
[2024-10-11T14:55:37.881+0000] {taskinstance.py:1660} INFO - Exporting env vars: AIRFLOW_CTX_DAG_OWNER='***' AIRFLOW_CTX_DAG_ID='ratings_taksk_clean' AIRFLOW_CTX_TASK_ID='rating_cleaned_test' AIRFLOW_CTX_EXECUTION_DATE='2024-10-10T00:00:00+00:00' AIRFLOW_CTX_TRY_NUMBER='1' AIRFLOW_CTX_DAG_RUN_ID='scheduled__2024-10-10T00:00:00+00:00'
[2024-10-11T14:55:37.898+0000] {base.py:73} INFO - Using connection ID 'spark-conn' for task execution.
[2024-10-11T14:55:37.900+0000] {spark_submit.py:403} INFO - Spark-Submit cmd: spark-submit --master spark://spark-master:7077 --conf spark.sql.extensions=io.delta.sql.DeltaSparkSessionExtension --conf spark.sql.catalog.spark_catalog=org.apache.spark.sql.delta.catalog.DeltaCatalog --jars /opt/***/jars/hadoop-aws-3.3.4.jar,/opt/***/jars/s3-2.18.41.jar,/opt/***/jars/aws-java-sdk-1.12.367.jar,/opt/***/jars/delta-core_2.12-2.4.0.jar,/opt/***/jars/delta-storage-2.2.0.jar, --packages org.apache.hadoop:hadoop-aws:3.3.4 --num-executors 2 --total-executor-cores 2 --executor-cores 2 --executor-memory 2g --driver-memory 1g --name arrow-spark --deploy-mode client /opt/***/jobs/python/test_Rating.py s3a://lakehouse/bronze/keywords.parquet s3a://lakehouse/silver
[2024-10-11T14:55:38.077+0000] {spark_submit.py:579} INFO - /home/***/.local/lib/python3.11/site-packages/pyspark/bin/load-spark-env.sh: line 68: ps: command not found
[2024-10-11T14:55:41.268+0000] {spark_submit.py:579} INFO - :: loading settings :: url = jar:file:/home/***/.local/lib/python3.11/site-packages/pyspark/jars/ivy-2.5.1.jar!/org/apache/ivy/core/settings/ivysettings.xml
[2024-10-11T14:55:41.499+0000] {spark_submit.py:579} INFO - Ivy Default Cache set to: /home/***/.ivy2/cache
[2024-10-11T14:55:41.499+0000] {spark_submit.py:579} INFO - The jars for the packages stored in: /home/***/.ivy2/jars
[2024-10-11T14:55:41.508+0000] {spark_submit.py:579} INFO - org.apache.hadoop#hadoop-aws added as a dependency
[2024-10-11T14:55:41.509+0000] {spark_submit.py:579} INFO - :: resolving dependencies :: org.apache.spark#spark-submit-parent-327e83a7-1dc7-4771-a21c-f2adadcaf620;1.0
[2024-10-11T14:55:41.510+0000] {spark_submit.py:579} INFO - confs: [default]
[2024-10-11T14:55:41.695+0000] {spark_submit.py:579} INFO - found org.apache.hadoop#hadoop-aws;3.3.4 in central
[2024-10-11T14:55:41.729+0000] {spark_submit.py:579} INFO - found com.amazonaws#aws-java-sdk-bundle;1.12.262 in central
[2024-10-11T14:55:41.761+0000] {spark_submit.py:579} INFO - found org.wildfly.openssl#wildfly-openssl;1.0.7.Final in central
[2024-10-11T14:55:41.794+0000] {spark_submit.py:579} INFO - :: resolution report :: resolve 273ms :: artifacts dl 11ms
[2024-10-11T14:55:41.795+0000] {spark_submit.py:579} INFO - :: modules in use:
[2024-10-11T14:55:41.795+0000] {spark_submit.py:579} INFO - com.amazonaws#aws-java-sdk-bundle;1.12.262 from central in [default]
[2024-10-11T14:55:41.796+0000] {spark_submit.py:579} INFO - org.apache.hadoop#hadoop-aws;3.3.4 from central in [default]
[2024-10-11T14:55:41.797+0000] {spark_submit.py:579} INFO - org.wildfly.openssl#wildfly-openssl;1.0.7.Final from central in [default]
[2024-10-11T14:55:41.798+0000] {spark_submit.py:579} INFO - ---------------------------------------------------------------------
[2024-10-11T14:55:41.799+0000] {spark_submit.py:579} INFO - |                  |            modules            ||   artifacts   |
[2024-10-11T14:55:41.800+0000] {spark_submit.py:579} INFO - |       conf       | number| search|dwnlded|evicted|| number|dwnlded|
[2024-10-11T14:55:41.801+0000] {spark_submit.py:579} INFO - ---------------------------------------------------------------------
[2024-10-11T14:55:41.802+0000] {spark_submit.py:579} INFO - |      default     |   3   |   0   |   0   |   0   ||   3   |   0   |
[2024-10-11T14:55:41.802+0000] {spark_submit.py:579} INFO - ---------------------------------------------------------------------
[2024-10-11T14:55:41.804+0000] {spark_submit.py:579} INFO - :: retrieving :: org.apache.spark#spark-submit-parent-327e83a7-1dc7-4771-a21c-f2adadcaf620
[2024-10-11T14:55:41.805+0000] {spark_submit.py:579} INFO - confs: [default]
[2024-10-11T14:55:41.813+0000] {spark_submit.py:579} INFO - 0 artifacts copied, 3 already retrieved (0kB/9ms)
[2024-10-11T14:55:42.158+0000] {spark_submit.py:579} INFO - 24/10/11 14:55:42 WARN NativeCodeLoader: Unable to load native-hadoop library for your platform... using builtin-java classes where applicable
[2024-10-11T14:55:42.607+0000] {spark_submit.py:579} INFO - python3: can't open file '/opt/***/jobs/python/test_Rating.py': [Errno 2] No such file or directory
[2024-10-11T14:55:42.626+0000] {spark_submit.py:579} INFO - 24/10/11 14:55:42 INFO ShutdownHookManager: Shutdown hook called
[2024-10-11T14:55:42.628+0000] {spark_submit.py:579} INFO - 24/10/11 14:55:42 INFO ShutdownHookManager: Deleting directory /tmp/spark-90ec3eb4-c782-40e4-8c31-23ec916590bb
[2024-10-11T14:55:42.678+0000] {taskinstance.py:1935} ERROR - Task failed with exception
Traceback (most recent call last):
  File "/home/airflow/.local/lib/python3.11/site-packages/airflow/providers/apache/spark/operators/spark_submit.py", line 174, in execute
    self._hook.submit(self.application)
  File "/home/airflow/.local/lib/python3.11/site-packages/airflow/providers/apache/spark/hooks/spark_submit.py", line 505, in submit
    raise AirflowException(
airflow.exceptions.AirflowException: Cannot execute: spark-submit --master spark://spark-master:7077 --conf spark.sql.extensions=io.delta.sql.DeltaSparkSessionExtension --conf spark.sql.catalog.spark_catalog=org.apache.spark.sql.delta.catalog.DeltaCatalog --jars /opt/***/jars/hadoop-aws-3.3.4.jar,/opt/***/jars/s3-2.18.41.jar,/opt/***/jars/aws-java-sdk-1.12.367.jar,/opt/***/jars/delta-core_2.12-2.4.0.jar,/opt/***/jars/delta-storage-2.2.0.jar, --packages org.apache.hadoop:hadoop-aws:3.3.4 --num-executors 2 --total-executor-cores 2 --executor-cores 2 --executor-memory 2g --driver-memory 1g --name arrow-spark --deploy-mode client /opt/***/jobs/python/test_Rating.py s3a://lakehouse/bronze/keywords.parquet s3a://lakehouse/silver. Error code is: 2.
[2024-10-11T14:55:42.683+0000] {taskinstance.py:1398} INFO - Marking task as UP_FOR_RETRY. dag_id=ratings_taksk_clean, task_id=rating_cleaned_test, execution_date=20241010T000000, start_date=20241011T145537, end_date=20241011T145542
[2024-10-11T14:55:42.696+0000] {standard_task_runner.py:104} ERROR - Failed to execute job 46 for task rating_cleaned_test (Cannot execute: spark-submit --master spark://spark-master:7077 --conf spark.sql.extensions=io.delta.sql.DeltaSparkSessionExtension --conf spark.sql.catalog.spark_catalog=org.apache.spark.sql.delta.catalog.DeltaCatalog --jars /opt/***/jars/hadoop-aws-3.3.4.jar,/opt/***/jars/s3-2.18.41.jar,/opt/***/jars/aws-java-sdk-1.12.367.jar,/opt/***/jars/delta-core_2.12-2.4.0.jar,/opt/***/jars/delta-storage-2.2.0.jar, --packages org.apache.hadoop:hadoop-aws:3.3.4 --num-executors 2 --total-executor-cores 2 --executor-cores 2 --executor-memory 2g --driver-memory 1g --name arrow-spark --deploy-mode client /opt/***/jobs/python/test_Rating.py s3a://lakehouse/bronze/keywords.parquet s3a://lakehouse/silver. Error code is: 2.; 5509)
[2024-10-11T14:55:42.710+0000] {local_task_job_runner.py:228} INFO - Task exited with return code 1
[2024-10-11T14:55:42.724+0000] {taskinstance.py:2776} INFO - 0 downstream tasks scheduled from follow-on schedule check
